<?xml version="1.0" encoding="UTF-8"?>
<!-- Generated by org.testng.reporters.JUnitReportReporter -->
<testsuite hostname="INFOSEUM33" failures="0" tests="5" name="TestNG.P2_1_HardAssertReporterLog" time="16.875" errors="0" timestamp="2023-06-27T10:48:25 GMT-04:00" skipped="0">
  <testcase classname="TestNG.P2_1_HardAssertReporterLog" name="browserLaunch" time="10.011"/>
  <testcase classname="TestNG.P2_1_HardAssertReporterLog" name="urlValidation" time="0.010">
    <system-out>
      <![CDATA[Url get matched and Test Case is Pass]]>
    </system-out>
  </testcase> <!-- urlValidation -->
  <testcase classname="TestNG.P2_1_HardAssertReporterLog" name="titleValidation" time="0.008">
    <system-out>
      <![CDATA[Title get matched & Test case is pass]]>
    </system-out>
  </testcase> <!-- titleValidation -->
  <testcase classname="TestNG.P2_1_HardAssertReporterLog" name="loginValidation" time="1.213">
    <system-out>
      <![CDATA[Button is display on webpage]]>
    </system-out>
  </testcase> <!-- loginValidation -->
  <testcase classname="TestNG.P2_1_HardAssertReporterLog" name="tearDown" time="5.633"/>
  <system-out>
    <![CDATA[Url get matched and Test Case is Pass
Title get matched & Test case is pass
Button is display on webpage]]>
  </system-out>
</testsuite> <!-- TestNG.P2_1_HardAssertReporterLog -->
