<?xml version="1.0" encoding="UTF-8"?>
<!-- Generated by org.testng.reporters.JUnitReportReporter -->
<testsuite hostname="INFOSEUM33" failures="0" tests="12" name="TestNG.P1_TestsScripts" time="0.042" errors="0" timestamp="2023-06-29T16:02:02 GMT-04:00" skipped="1">
  <testcase classname="TestNG.P1_TestsScripts" name="aTestCase" time="0.002"/>
  <testcase classname="TestNG.P1_TestsScripts" name="aTestCase" time="0.003"/>
  <testcase classname="TestNG.P1_TestsScripts" name="aTestCase" time="0.003"/>
  <testcase classname="TestNG.P1_TestsScripts" name="aTestCase" time="0.012"/>
  <testcase classname="TestNG.P1_TestsScripts" name="aTestCase" time="0.010"/>
  <testcase classname="TestNG.P1_TestsScripts" name="aTestCase" time="0.002"/>
  <testcase classname="TestNG.P1_TestsScripts" name="aTestCase" time="0.003"/>
  <testcase classname="TestNG.P1_TestsScripts" name="aTestCase" time="0.002"/>
  <testcase classname="TestNG.P1_TestsScripts" name="aTestCase" time="0.001"/>
  <testcase classname="TestNG.P1_TestsScripts" name="aTestCase" time="0.002"/>
  <testcase classname="TestNG.P1_TestsScripts" name="bTestCase" time="0.002"/>
  <testcase classname="TestNG.P1_TestsScripts" name="testcase">
    <skipped/>
  </testcase> <!-- testcase -->
</testsuite> <!-- TestNG.P1_TestsScripts -->
