<?xml version="1.0" encoding="UTF-8"?>
<!-- Generated by org.testng.reporters.JUnitReportReporter -->
<testsuite hostname="INFOSEUM33" failures="0" tests="1" name="Globalization.P3_ChromeOptions" time="13.814" errors="0" timestamp="2023-06-30T14:58:50 GMT-04:00" skipped="0">
  <testcase classname="Globalization.P3_ChromeOptions" name="loginValidation" time="13.814">
    <system-out>
      <![CDATA[Button is display on webpage]]>
    </system-out>
  </testcase> <!-- loginValidation -->
  <system-out>
    <![CDATA[Button is display on webpage]]>
  </system-out>
</testsuite> <!-- Globalization.P3_ChromeOptions -->
