<?xml version="1.0" encoding="UTF-8"?>
<!-- Generated by org.testng.reporters.JUnitReportReporter -->
<testsuite hostname="INFOSEUM33" failures="0" tests="4" name="TestNG.DataProviderAttribute" time="42.275" errors="0" timestamp="2023-06-27T13:50:30 GMT-04:00" skipped="0">
  <testcase classname="TestNG.DataProviderAttribute" name="loginValidation" time="8.629">
    <system-out>
      <![CDATA[Button is display on webpage]]>
    </system-out>
  </testcase> <!-- loginValidation -->
  <testcase classname="TestNG.DataProviderAttribute" name="loginValidation" time="12.622">
    <system-out>
      <![CDATA[Button is display on webpage]]>
    </system-out>
  </testcase> <!-- loginValidation -->
  <testcase classname="TestNG.DataProviderAttribute" name="loginValidation" time="10.303">
    <system-out>
      <![CDATA[Button is display on webpage]]>
    </system-out>
  </testcase> <!-- loginValidation -->
  <testcase classname="TestNG.DataProviderAttribute" name="loginValidation" time="10.721">
    <system-out>
      <![CDATA[Button is display on webpage]]>
    </system-out>
  </testcase> <!-- loginValidation -->
  <system-out>
    <![CDATA[Button is display on webpage
Button is display on webpage
Button is display on webpage
Button is display on webpage]]>
  </system-out>
</testsuite> <!-- TestNG.DataProviderAttribute -->
