<?xml version="1.0" encoding="UTF-8"?>
<!-- Generated by org.testng.reporters.JUnitReportReporter -->
<testsuite hostname="INFOSEUM33" failures="0" tests="1" name="PageObjectModel.SampleBase" time="17.585" errors="0" timestamp="2023-06-29T11:29:34 GMT-04:00" skipped="0">
  <testcase classname="PageObjectModel.SampleBase" name="browserLaunch" time="17.585"/>
</testsuite> <!-- PageObjectModel.SampleBase -->
