<?xml version="1.0" encoding="UTF-8"?>
<!-- Generated by org.testng.reporters.JUnitReportReporter -->
<testsuite hostname="INFOSEUM33" failures="0" tests="3" name="POM.LoginPageTestCase" time="13.181" errors="0" timestamp="2023-06-28T11:12:23 GMT-04:00" skipped="0">
  <testcase classname="POM.LoginPageTestCase" name="login" time="0.800"/>
  <testcase classname="POM.LoginPageTestCase" name="launch" time="7.747"/>
  <testcase classname="POM.LoginPageTestCase" name="tearDown" time="4.634"/>
</testsuite> <!-- POM.LoginPageTestCase -->
