<?xml version="1.0" encoding="UTF-8"?>
<!-- Generated by org.testng.reporters.JUnitReportReporter -->
<testsuite hostname="INFOSEUM33" failures="0" tests="4" name="TestNG.P1_TestCasesScripting" time="0.011" errors="0" timestamp="2023-06-26T08:55:04 GMT-04:00" skipped="2">
  <testcase classname="TestNG.P1_TestCasesScripting" name="apiTestCase" time="0.008"/>
  <testcase classname="TestNG.P1_TestCasesScripting" name="webApplicationTest" time="0.003"/>
  <testcase classname="TestNG.P1_TestCasesScripting" name="mobileTest">
    <skipped/>
  </testcase> <!-- mobileTest -->
  <testcase classname="TestNG.P1_TestCasesScripting" name="tectcase">
    <skipped/>
  </testcase> <!-- tectcase -->
</testsuite> <!-- TestNG.P1_TestCasesScripting -->
