<?xml version="1.0" encoding="UTF-8"?>
<!-- Generated by org.testng.reporters.JUnitReportReporter -->
<testsuite hostname="INFOSEUM33" failures="0" tests="4" name="TestNG.P2_TestScripting" time="9.194" errors="0" timestamp="2023-06-26T10:13:06 GMT-04:00" skipped="0">
  <testcase classname="TestNG.P2_TestScripting" name="launch" time="8.573">
    <system-out>
      <![CDATA[Launching the browser and open web application]]>
    </system-out>
  </testcase> <!-- launch -->
  <testcase classname="TestNG.P2_TestScripting" name="urlValidation" time="0.009">
    <system-out>
      <![CDATA[URL matched , Test case Passed ]]>
    </system-out>
  </testcase> <!-- urlValidation -->
  <testcase classname="TestNG.P2_TestScripting" name="titleValidation" time="0.006">
    <system-out>
      <![CDATA[Title matched, test case passed]]>
    </system-out>
  </testcase> <!-- titleValidation -->
  <testcase classname="TestNG.P2_TestScripting" name="tearDown" time="0.606"/>
  <system-out>
    <![CDATA[Launching the browser and open web application
URL matched , Test case Passed 
Title matched, test case passed]]>
  </system-out>
</testsuite> <!-- TestNG.P2_TestScripting -->
