<?xml version="1.0" encoding="UTF-8"?>
<!-- Generated by org.testng.reporters.JUnitReportReporter -->
<testsuite hostname="INFOSEUM33" failures="0" tests="3" name="PageObjectModel.P1_LoginPageTest" time="20.210" errors="0" timestamp="2023-06-28T16:27:00 GMT-04:00" skipped="0">
  <testcase classname="PageObjectModel.P1_LoginPageTest" name="loginValidation" time="2.246"/>
  <testcase classname="PageObjectModel.P1_LoginPageTest" name="tearDown" time="5.705"/>
  <testcase classname="PageObjectModel.P1_LoginPageTest" name="launch" time="12.259"/>
</testsuite> <!-- PageObjectModel.P1_LoginPageTest -->
