<?xml version="1.0" encoding="UTF-8"?>
<!-- Generated by org.testng.reporters.JUnitReportReporter -->
<testsuite hostname="INFOSEUM33" failures="0" tests="3" name="TestNG.P4_TestNGAnnotation" time="0.015" errors="0" timestamp="2023-06-27T15:30:55 GMT-04:00" skipped="0">
  <testcase classname="TestNG.P4_TestNGAnnotation" name="testcase2" time="0.004"/>
  <testcase classname="TestNG.P4_TestNGAnnotation" name="testcase3" time="0.003"/>
  <testcase classname="TestNG.P4_TestNGAnnotation" name="testcase1" time="0.008"/>
  <system-out>
    <![CDATA[Before suite method
Before test method
Before class method
Before-method method
After-method method
Before-method method
After-method method
Before-method method
After-method method
After class method
After test method
After suite method]]>
  </system-out>
</testsuite> <!-- TestNG.P4_TestNGAnnotation -->
